22:45:21.917 [ApplicationImpl pooled thread 663] INFO  c.b.l.BrowserStackRunExtension - testng
22:45:21.926 [ApplicationImpl pooled thread 663] INFO  com.browserstack.utils.Helpers - null
22:45:21.929 [ApplicationImpl pooled thread 663] INFO  c.b.l.BrowserStackRunExtension - Agent path: null
22:47:07.902 [ApplicationImpl pooled thread 660] INFO  c.b.l.BrowserStackRunExtension - testng
22:47:07.902 [ApplicationImpl pooled thread 660] INFO  com.browserstack.utils.Helpers - null
22:47:07.904 [ApplicationImpl pooled thread 660] INFO  c.b.l.BrowserStackRunExtension - Agent path: null
22:48:06.814 [ApplicationImpl pooled thread 667] INFO  c.b.l.BrowserStackRunExtension - testng
22:48:06.814 [ApplicationImpl pooled thread 667] INFO  com.browserstack.utils.Helpers - null
22:48:06.816 [ApplicationImpl pooled thread 667] INFO  c.b.l.BrowserStackRunExtension - Agent path: null
22:55:10.176 [ApplicationImpl pooled thread 669] INFO  c.b.l.BrowserStackRunExtension - testng
22:55:10.177 [ApplicationImpl pooled thread 669] INFO  com.browserstack.utils.Helpers - null
22:55:10.178 [ApplicationImpl pooled thread 669] INFO  c.b.l.BrowserStackRunExtension - Agent path: null
22:59:07.100 [ApplicationImpl pooled thread 674] INFO  c.b.l.BrowserStackRunExtension - testng
22:59:07.100 [ApplicationImpl pooled thread 674] INFO  com.browserstack.utils.Helpers - null
22:59:07.101 [ApplicationImpl pooled thread 674] INFO  c.b.l.BrowserStackRunExtension - Agent path: null
23:01:58.940 [ApplicationImpl pooled thread 682] INFO  c.b.l.BrowserStackRunExtension - testng
23:01:58.940 [ApplicationImpl pooled thread 682] INFO  com.browserstack.utils.Helpers - null
23:01:58.942 [ApplicationImpl pooled thread 682] INFO  c.b.l.BrowserStackRunExtension - Agent path: null
23:08:23.040 [ApplicationImpl pooled thread 685] INFO  c.b.l.BrowserStackRunExtension - testng
23:08:23.040 [ApplicationImpl pooled thread 685] INFO  com.browserstack.utils.Helpers - null
23:08:23.041 [ApplicationImpl pooled thread 685] INFO  c.b.l.BrowserStackRunExtension - Agent path: null
23:12:01.546 [ApplicationImpl pooled thread 692] INFO  c.b.l.BrowserStackRunExtension - testng
23:12:01.546 [ApplicationImpl pooled thread 692] INFO  com.browserstack.utils.Helpers - null
23:12:01.547 [ApplicationImpl pooled thread 692] INFO  c.b.l.BrowserStackRunExtension - Agent path: null
17:54:20.101 [ApplicationImpl pooled thread 741] INFO  c.b.l.BrowserStackRunExtension - testng
17:54:20.102 [ApplicationImpl pooled thread 741] INFO  com.browserstack.utils.Helpers - null
17:54:20.105 [ApplicationImpl pooled thread 741] INFO  c.b.l.BrowserStackRunExtension - Agent path: null
17:58:07.550 [ApplicationImpl pooled thread 750] INFO  c.b.l.BrowserStackRunExtension - testng
17:58:07.550 [ApplicationImpl pooled thread 750] INFO  com.browserstack.utils.Helpers - null
17:58:07.551 [ApplicationImpl pooled thread 750] INFO  c.b.l.BrowserStackRunExtension - Agent path: null
18:04:46.744 [ApplicationImpl pooled thread 755] INFO  c.b.l.BrowserStackRunExtension - testng
18:04:46.747 [ApplicationImpl pooled thread 755] INFO  com.browserstack.utils.Helpers - null
18:04:46.750 [ApplicationImpl pooled thread 755] INFO  c.b.l.BrowserStackRunExtension - Agent path: null
18:09:38.302 [ApplicationImpl pooled thread 756] INFO  c.b.l.BrowserStackRunExtension - testng
18:09:38.302 [ApplicationImpl pooled thread 756] INFO  com.browserstack.utils.Helpers - null
18:09:38.306 [ApplicationImpl pooled thread 756] INFO  c.b.l.BrowserStackRunExtension - Agent path: null
18:14:36.613 [ApplicationImpl pooled thread 763] INFO  c.b.l.BrowserStackRunExtension - testng
18:14:36.614 [ApplicationImpl pooled thread 763] INFO  com.browserstack.utils.Helpers - null
18:14:36.615 [ApplicationImpl pooled thread 763] INFO  c.b.l.BrowserStackRunExtension - Agent path: null
18:16:03.115 [ApplicationImpl pooled thread 761] INFO  c.b.l.BrowserStackRunExtension - testng
18:16:03.116 [ApplicationImpl pooled thread 761] INFO  com.browserstack.utils.Helpers - null
18:16:03.117 [ApplicationImpl pooled thread 761] INFO  c.b.l.BrowserStackRunExtension - Agent path: null
18:34:20.632 [ApplicationImpl pooled thread 779] INFO  c.b.l.BrowserStackRunExtension - testng
18:34:20.633 [ApplicationImpl pooled thread 779] INFO  com.browserstack.utils.Helpers - null
18:34:20.633 [ApplicationImpl pooled thread 779] INFO  c.b.l.BrowserStackRunExtension - Agent path: null
18:41:13.427 [ApplicationImpl pooled thread 790] INFO  c.b.l.BrowserStackRunExtension - testng
18:41:13.427 [ApplicationImpl pooled thread 790] INFO  com.browserstack.utils.Helpers - null
18:41:13.428 [ApplicationImpl pooled thread 790] INFO  c.b.l.BrowserStackRunExtension - Agent path: null
18:50:02.193 [ApplicationImpl pooled thread 795] INFO  c.b.l.BrowserStackRunExtension - testng
18:50:02.194 [ApplicationImpl pooled thread 795] INFO  com.browserstack.utils.Helpers - null
18:50:02.195 [ApplicationImpl pooled thread 795] INFO  c.b.l.BrowserStackRunExtension - Agent path: null
18:53:18.989 [ApplicationImpl pooled thread 804] INFO  c.b.l.BrowserStackRunExtension - testng
18:53:18.990 [ApplicationImpl pooled thread 804] INFO  com.browserstack.utils.Helpers - null
18:53:18.995 [ApplicationImpl pooled thread 804] INFO  c.b.l.BrowserStackRunExtension - Agent path: null
19:53:10.367 [ApplicationImpl pooled thread 807] INFO  c.b.l.BrowserStackRunExtension - testng
19:53:10.368 [ApplicationImpl pooled thread 807] INFO  com.browserstack.utils.Helpers - null
19:53:10.369 [ApplicationImpl pooled thread 807] INFO  c.b.l.BrowserStackRunExtension - Agent path: null
19:54:28.823 [ApplicationImpl pooled thread 822] INFO  c.b.l.BrowserStackRunExtension - testng
19:54:28.824 [ApplicationImpl pooled thread 822] INFO  com.browserstack.utils.Helpers - null
19:54:28.825 [ApplicationImpl pooled thread 822] INFO  c.b.l.BrowserStackRunExtension - Agent path: null
20:01:59.181 [ApplicationImpl pooled thread 830] INFO  c.b.l.BrowserStackRunExtension - testng
20:01:59.181 [ApplicationImpl pooled thread 830] INFO  com.browserstack.utils.Helpers - null
20:01:59.182 [ApplicationImpl pooled thread 830] INFO  c.b.l.BrowserStackRunExtension - Agent path: null
20:03:20.932 [ApplicationImpl pooled thread 830] INFO  c.b.l.BrowserStackRunExtension - testng
20:03:20.932 [ApplicationImpl pooled thread 830] INFO  com.browserstack.utils.Helpers - null
20:03:20.933 [ApplicationImpl pooled thread 830] INFO  c.b.l.BrowserStackRunExtension - Agent path: null
21:47:23.690 [ApplicationImpl pooled thread 868] INFO  c.b.l.BrowserStackRunExtension - testng
21:47:23.691 [ApplicationImpl pooled thread 868] INFO  com.browserstack.utils.Helpers - null
21:47:23.692 [ApplicationImpl pooled thread 868] INFO  c.b.l.BrowserStackRunExtension - Agent path: null
21:48:33.393 [ApplicationImpl pooled thread 869] INFO  c.b.l.BrowserStackRunExtension - testng
21:48:33.394 [ApplicationImpl pooled thread 869] INFO  com.browserstack.utils.Helpers - null
21:48:33.395 [ApplicationImpl pooled thread 869] INFO  c.b.l.BrowserStackRunExtension - Agent path: null
22:14:46.683 [ApplicationImpl pooled thread 910] INFO  c.b.l.BrowserStackRunExtension - testng
22:14:46.683 [ApplicationImpl pooled thread 910] INFO  com.browserstack.utils.Helpers - null
22:14:46.684 [ApplicationImpl pooled thread 910] INFO  c.b.l.BrowserStackRunExtension - Agent path: null
22:16:56.122 [ApplicationImpl pooled thread 903] INFO  c.b.l.BrowserStackRunExtension - testng
22:16:56.122 [ApplicationImpl pooled thread 903] INFO  com.browserstack.utils.Helpers - null
22:16:56.123 [ApplicationImpl pooled thread 903] INFO  c.b.l.BrowserStackRunExtension - Agent path: null
22:19:44.140 [ApplicationImpl pooled thread 914] INFO  c.b.l.BrowserStackRunExtension - testng
22:19:44.140 [ApplicationImpl pooled thread 914] INFO  com.browserstack.utils.Helpers - null
22:19:44.141 [ApplicationImpl pooled thread 914] INFO  c.b.l.BrowserStackRunExtension - Agent path: null
22:22:38.736 [ApplicationImpl pooled thread 903] INFO  c.b.l.BrowserStackRunExtension - testng
22:22:38.736 [ApplicationImpl pooled thread 903] INFO  com.browserstack.utils.Helpers - null
22:22:38.737 [ApplicationImpl pooled thread 903] INFO  c.b.l.BrowserStackRunExtension - Agent path: null
22:29:56.981 [ApplicationImpl pooled thread 919] INFO  c.b.l.BrowserStackRunExtension - testng
22:29:56.981 [ApplicationImpl pooled thread 919] INFO  com.browserstack.utils.Helpers - null
22:29:56.982 [ApplicationImpl pooled thread 919] INFO  c.b.l.BrowserStackRunExtension - Agent path: null
22:50:43.608 [ApplicationImpl pooled thread 951] INFO  c.b.l.BrowserStackRunExtension - testng
22:50:43.609 [ApplicationImpl pooled thread 951] INFO  com.browserstack.utils.Helpers - null
22:50:43.609 [ApplicationImpl pooled thread 951] INFO  c.b.l.BrowserStackRunExtension - Agent path: null
23:27:11.309 [ApplicationImpl pooled thread 981] INFO  c.b.l.BrowserStackRunExtension - testng
23:27:11.310 [ApplicationImpl pooled thread 981] INFO  com.browserstack.utils.Helpers - null
23:27:11.311 [ApplicationImpl pooled thread 981] INFO  c.b.l.BrowserStackRunExtension - Agent path: null
23:31:51.802 [ApplicationImpl pooled thread 985] INFO  c.b.l.BrowserStackRunExtension - testng
23:31:51.802 [ApplicationImpl pooled thread 985] INFO  com.browserstack.utils.Helpers - null
23:31:51.804 [ApplicationImpl pooled thread 985] INFO  c.b.l.BrowserStackRunExtension - Agent path: null
23:54:26.996 [ApplicationImpl pooled thread 1014] INFO  c.b.l.BrowserStackRunExtension - testng
23:54:26.997 [ApplicationImpl pooled thread 1014] INFO  com.browserstack.utils.Helpers - null
23:54:26.997 [ApplicationImpl pooled thread 1014] INFO  c.b.l.BrowserStackRunExtension - Agent path: null
23:55:22.151 [ApplicationImpl pooled thread 1014] INFO  c.b.l.BrowserStackRunExtension - testng
23:55:22.151 [ApplicationImpl pooled thread 1014] INFO  com.browserstack.utils.Helpers - null
23:55:22.152 [ApplicationImpl pooled thread 1014] INFO  c.b.l.BrowserStackRunExtension - Agent path: null
23:58:23.166 [ApplicationImpl pooled thread 1017] INFO  c.b.l.BrowserStackRunExtension - testng
23:58:23.167 [ApplicationImpl pooled thread 1017] INFO  com.browserstack.utils.Helpers - null
23:58:23.168 [ApplicationImpl pooled thread 1017] INFO  c.b.l.BrowserStackRunExtension - Agent path: null
00:29:06.071 [ApplicationImpl pooled thread 1019] INFO  c.b.l.BrowserStackRunExtension - testng
00:29:06.071 [ApplicationImpl pooled thread 1019] INFO  com.browserstack.utils.Helpers - null
00:29:06.074 [ApplicationImpl pooled thread 1019] INFO  c.b.l.BrowserStackRunExtension - Agent path: null
00:31:21.084 [ApplicationImpl pooled thread 1047] INFO  c.b.l.BrowserStackRunExtension - testng
00:31:21.085 [ApplicationImpl pooled thread 1047] INFO  com.browserstack.utils.Helpers - null
00:31:21.087 [ApplicationImpl pooled thread 1047] INFO  c.b.l.BrowserStackRunExtension - Agent path: null
00:43:17.742 [ApplicationImpl pooled thread 1095] INFO  c.b.l.BrowserStackRunExtension - testng
00:43:17.743 [ApplicationImpl pooled thread 1095] INFO  com.browserstack.utils.Helpers - null
00:43:17.744 [ApplicationImpl pooled thread 1095] INFO  c.b.l.BrowserStackRunExtension - Agent path: null
00:45:07.737 [ApplicationImpl pooled thread 1104] INFO  c.b.l.BrowserStackRunExtension - testng
00:45:07.737 [ApplicationImpl pooled thread 1104] INFO  com.browserstack.utils.Helpers - null
00:45:07.739 [ApplicationImpl pooled thread 1104] INFO  c.b.l.BrowserStackRunExtension - Agent path: null
00:47:58.403 [ApplicationImpl pooled thread 1110] INFO  c.b.l.BrowserStackRunExtension - testng
00:47:58.404 [ApplicationImpl pooled thread 1110] INFO  com.browserstack.utils.Helpers - null
00:47:58.405 [ApplicationImpl pooled thread 1110] INFO  c.b.l.BrowserStackRunExtension - Agent path: null
00:50:47.729 [ApplicationImpl pooled thread 1112] INFO  c.b.l.BrowserStackRunExtension - testng
00:50:47.730 [ApplicationImpl pooled thread 1112] INFO  com.browserstack.utils.Helpers - null
00:50:47.731 [ApplicationImpl pooled thread 1112] INFO  c.b.l.BrowserStackRunExtension - Agent path: null
11:40:45.764 [ApplicationImpl pooled thread 1148] INFO  c.b.l.BrowserStackRunExtension - testng
11:40:45.764 [ApplicationImpl pooled thread 1148] INFO  com.browserstack.utils.Helpers - null
11:40:45.765 [ApplicationImpl pooled thread 1148] INFO  c.b.l.BrowserStackRunExtension - Agent path: null
11:41:15.410 [ApplicationImpl pooled thread 1147] INFO  c.b.l.BrowserStackRunExtension - testng
11:41:15.411 [ApplicationImpl pooled thread 1147] INFO  com.browserstack.utils.Helpers - null
11:41:15.412 [ApplicationImpl pooled thread 1147] INFO  c.b.l.BrowserStackRunExtension - Agent path: null
11:47:57.389 [ApplicationImpl pooled thread 1147] INFO  c.b.l.BrowserStackRunExtension - testng
11:47:57.390 [ApplicationImpl pooled thread 1147] INFO  com.browserstack.utils.Helpers - null
11:47:57.391 [ApplicationImpl pooled thread 1147] INFO  c.b.l.BrowserStackRunExtension - Agent path: null
11:50:38.441 [ApplicationImpl pooled thread 1155] INFO  c.b.l.BrowserStackRunExtension - testng
11:50:38.442 [ApplicationImpl pooled thread 1155] INFO  com.browserstack.utils.Helpers - null
11:50:38.444 [ApplicationImpl pooled thread 1155] INFO  c.b.l.BrowserStackRunExtension - Agent path: null
11:53:38.211 [ApplicationImpl pooled thread 1162] INFO  c.b.l.BrowserStackRunExtension - testng
11:53:38.211 [ApplicationImpl pooled thread 1162] INFO  com.browserstack.utils.Helpers - null
11:53:38.212 [ApplicationImpl pooled thread 1162] INFO  c.b.l.BrowserStackRunExtension - Agent path: null
22:42:25.571 [ApplicationImpl pooled thread 1478] INFO  c.b.l.BrowserStackRunExtension - testng
22:42:25.571 [ApplicationImpl pooled thread 1478] INFO  com.browserstack.utils.Helpers - null
22:42:25.574 [ApplicationImpl pooled thread 1478] INFO  c.b.l.BrowserStackRunExtension - Agent path: null
22:45:50.618 [ApplicationImpl pooled thread 1493] INFO  c.b.l.BrowserStackRunExtension - testng
22:45:50.618 [ApplicationImpl pooled thread 1493] INFO  com.browserstack.utils.Helpers - null
22:45:50.619 [ApplicationImpl pooled thread 1493] INFO  c.b.l.BrowserStackRunExtension - Agent path: null
12:29:56.203 [ApplicationImpl pooled thread 1617] INFO  c.b.l.BrowserStackRunExtension - application
12:29:56.203 [ApplicationImpl pooled thread 1617] INFO  com.browserstack.utils.Helpers - null
12:30:23.081 [ApplicationImpl pooled thread 1621] INFO  c.b.l.BrowserStackRunExtension - application
12:30:23.082 [ApplicationImpl pooled thread 1621] INFO  com.browserstack.utils.Helpers - null
12:31:27.671 [ApplicationImpl pooled thread 1627] INFO  c.b.l.BrowserStackRunExtension - application
12:31:27.671 [ApplicationImpl pooled thread 1627] INFO  com.browserstack.utils.Helpers - null
12:37:43.245 [ApplicationImpl pooled thread 1627] INFO  c.b.l.BrowserStackRunExtension - application
12:37:43.246 [ApplicationImpl pooled thread 1627] INFO  com.browserstack.utils.Helpers - null
12:42:30.121 [ApplicationImpl pooled thread 1632] INFO  c.b.l.BrowserStackRunExtension - application
12:42:30.122 [ApplicationImpl pooled thread 1632] INFO  com.browserstack.utils.Helpers - null
12:43:05.825 [ApplicationImpl pooled thread 1636] INFO  c.b.l.BrowserStackRunExtension - application
12:43:05.826 [ApplicationImpl pooled thread 1636] INFO  com.browserstack.utils.Helpers - null
12:43:58.634 [ApplicationImpl pooled thread 1637] INFO  c.b.l.BrowserStackRunExtension - application
12:43:58.634 [ApplicationImpl pooled thread 1637] INFO  com.browserstack.utils.Helpers - null
12:55:59.259 [ApplicationImpl pooled thread 1641] INFO  c.b.l.BrowserStackRunExtension - application
12:55:59.260 [ApplicationImpl pooled thread 1641] INFO  com.browserstack.utils.Helpers - null
13:54:01.008 [ApplicationImpl pooled thread 1670] INFO  c.b.l.BrowserStackRunExtension - application
13:54:01.009 [ApplicationImpl pooled thread 1670] INFO  com.browserstack.utils.Helpers - null
13:55:36.236 [ApplicationImpl pooled thread 1673] INFO  c.b.l.BrowserStackRunExtension - application
13:55:36.236 [ApplicationImpl pooled thread 1673] INFO  com.browserstack.utils.Helpers - null
13:56:34.378 [ApplicationImpl pooled thread 1672] INFO  c.b.l.BrowserStackRunExtension - application
13:56:34.378 [ApplicationImpl pooled thread 1672] INFO  com.browserstack.utils.Helpers - null
14:01:49.154 [ApplicationImpl pooled thread 1672] INFO  c.b.l.BrowserStackRunExtension - application
14:01:49.154 [ApplicationImpl pooled thread 1672] INFO  com.browserstack.utils.Helpers - null
14:08:58.678 [ApplicationImpl pooled thread 1691] INFO  c.b.l.BrowserStackRunExtension - application
14:08:58.679 [ApplicationImpl pooled thread 1691] INFO  com.browserstack.utils.Helpers - null
14:10:01.106 [ApplicationImpl pooled thread 1688] INFO  c.b.l.BrowserStackRunExtension - application
14:10:01.106 [ApplicationImpl pooled thread 1688] INFO  com.browserstack.utils.Helpers - null
14:12:41.259 [ApplicationImpl pooled thread 1687] INFO  c.b.l.BrowserStackRunExtension - application
14:12:41.259 [ApplicationImpl pooled thread 1687] INFO  com.browserstack.utils.Helpers - null
14:20:58.206 [ApplicationImpl pooled thread 1700] INFO  c.b.l.BrowserStackRunExtension - application
14:20:58.207 [ApplicationImpl pooled thread 1700] INFO  com.browserstack.utils.Helpers - null
14:23:52.960 [ApplicationImpl pooled thread 1702] INFO  c.b.l.BrowserStackRunExtension - application
14:23:52.960 [ApplicationImpl pooled thread 1702] INFO  com.browserstack.utils.Helpers - null
14:27:52.974 [ApplicationImpl pooled thread 1706] INFO  c.b.l.BrowserStackRunExtension - application
14:27:52.975 [ApplicationImpl pooled thread 1706] INFO  com.browserstack.utils.Helpers - null
14:32:00.867 [ApplicationImpl pooled thread 1707] INFO  c.b.l.BrowserStackRunExtension - application
14:32:00.867 [ApplicationImpl pooled thread 1707] INFO  com.browserstack.utils.Helpers - null
14:32:18.456 [ApplicationImpl pooled thread 1709] INFO  c.b.l.BrowserStackRunExtension - application
14:32:18.456 [ApplicationImpl pooled thread 1709] INFO  com.browserstack.utils.Helpers - null
18:07:35.984 [ApplicationImpl pooled thread 1770] INFO  c.b.l.BrowserStackRunExtension - application
18:07:35.984 [ApplicationImpl pooled thread 1770] INFO  com.browserstack.utils.Helpers - null
18:08:03.260 [ApplicationImpl pooled thread 1765] INFO  c.b.l.BrowserStackRunExtension - application
18:08:03.260 [ApplicationImpl pooled thread 1765] INFO  com.browserstack.utils.Helpers - null
18:08:32.252 [ApplicationImpl pooled thread 1768] INFO  c.b.l.BrowserStackRunExtension - application
18:08:32.253 [ApplicationImpl pooled thread 1768] INFO  com.browserstack.utils.Helpers - null
19:10:29.131 [ApplicationImpl pooled thread 1789] INFO  c.b.l.BrowserStackRunExtension - application
19:10:29.132 [ApplicationImpl pooled thread 1789] INFO  com.browserstack.utils.Helpers - null
19:12:19.158 [ApplicationImpl pooled thread 1795] INFO  c.b.l.BrowserStackRunExtension - application
19:12:19.159 [ApplicationImpl pooled thread 1795] INFO  com.browserstack.utils.Helpers - null
19:12:43.078 [ApplicationImpl pooled thread 1789] INFO  c.b.l.BrowserStackRunExtension - application
19:12:43.079 [ApplicationImpl pooled thread 1789] INFO  com.browserstack.utils.Helpers - null
19:17:53.105 [ApplicationImpl pooled thread 1795] INFO  c.b.l.BrowserStackRunExtension - application
19:17:53.105 [ApplicationImpl pooled thread 1795] INFO  com.browserstack.utils.Helpers - null
19:19:05.175 [ApplicationImpl pooled thread 1783] INFO  c.b.l.BrowserStackRunExtension - application
19:19:05.175 [ApplicationImpl pooled thread 1783] INFO  com.browserstack.utils.Helpers - null
19:22:47.966 [ApplicationImpl pooled thread 1800] INFO  c.b.l.BrowserStackRunExtension - application
19:22:47.967 [ApplicationImpl pooled thread 1800] INFO  com.browserstack.utils.Helpers - null
19:28:34.948 [ApplicationImpl pooled thread 1803] INFO  c.b.l.BrowserStackRunExtension - application
19:28:34.948 [ApplicationImpl pooled thread 1803] INFO  com.browserstack.utils.Helpers - null
19:54:23.207 [ApplicationImpl pooled thread 1820] INFO  c.b.l.BrowserStackRunExtension - application
19:54:23.208 [ApplicationImpl pooled thread 1820] INFO  com.browserstack.utils.Helpers - null
19:55:54.423 [ApplicationImpl pooled thread 1820] INFO  c.b.l.BrowserStackRunExtension - application
19:55:54.423 [ApplicationImpl pooled thread 1820] INFO  com.browserstack.utils.Helpers - null
19:56:12.844 [ApplicationImpl pooled thread 1814] INFO  c.b.l.BrowserStackRunExtension - application
19:56:12.845 [ApplicationImpl pooled thread 1814] INFO  com.browserstack.utils.Helpers - null
19:59:44.275 [ApplicationImpl pooled thread 1824] INFO  c.b.l.BrowserStackRunExtension - application
19:59:44.276 [ApplicationImpl pooled thread 1824] INFO  com.browserstack.utils.Helpers - null
20:00:03.348 [ApplicationImpl pooled thread 1830] INFO  c.b.l.BrowserStackRunExtension - application
20:00:03.349 [ApplicationImpl pooled thread 1830] INFO  com.browserstack.utils.Helpers - null
20:00:20.859 [ApplicationImpl pooled thread 1830] INFO  c.b.l.BrowserStackRunExtension - application
20:00:20.860 [ApplicationImpl pooled thread 1830] INFO  com.browserstack.utils.Helpers - null
20:09:25.378 [ApplicationImpl pooled thread 1832] INFO  c.b.l.BrowserStackRunExtension - application
20:09:25.379 [ApplicationImpl pooled thread 1832] INFO  com.browserstack.utils.Helpers - null
20:09:48.889 [ApplicationImpl pooled thread 1832] INFO  c.b.l.BrowserStackRunExtension - application
20:09:48.889 [ApplicationImpl pooled thread 1832] INFO  com.browserstack.utils.Helpers - null
20:10:06.366 [ApplicationImpl pooled thread 1839] INFO  c.b.l.BrowserStackRunExtension - application
20:10:06.366 [ApplicationImpl pooled thread 1839] INFO  com.browserstack.utils.Helpers - null
20:13:47.111 [ApplicationImpl pooled thread 1840] INFO  c.b.l.BrowserStackRunExtension - application
20:13:47.111 [ApplicationImpl pooled thread 1840] INFO  com.browserstack.utils.Helpers - null
20:14:17.667 [ApplicationImpl pooled thread 1840] INFO  c.b.l.BrowserStackRunExtension - application
20:14:17.667 [ApplicationImpl pooled thread 1840] INFO  com.browserstack.utils.Helpers - null
20:24:46.978 [ApplicationImpl pooled thread 1847] INFO  c.b.l.BrowserStackRunExtension - application
20:24:46.979 [ApplicationImpl pooled thread 1847] INFO  com.browserstack.utils.Helpers - null
20:25:03.328 [ApplicationImpl pooled thread 1849] INFO  c.b.l.BrowserStackRunExtension - application
20:25:03.329 [ApplicationImpl pooled thread 1849] INFO  com.browserstack.utils.Helpers - null
20:25:27.846 [ApplicationImpl pooled thread 1848] INFO  c.b.l.BrowserStackRunExtension - application
20:25:27.847 [ApplicationImpl pooled thread 1848] INFO  com.browserstack.utils.Helpers - null
20:32:23.075 [ApplicationImpl pooled thread 1855] INFO  c.b.l.BrowserStackRunExtension - application
20:32:23.075 [ApplicationImpl pooled thread 1855] INFO  com.browserstack.utils.Helpers - null
20:40:17.623 [ApplicationImpl pooled thread 1862] INFO  c.b.l.BrowserStackRunExtension - application
20:40:17.623 [ApplicationImpl pooled thread 1862] INFO  com.browserstack.utils.Helpers - null
20:50:40.547 [ApplicationImpl pooled thread 1874] INFO  c.b.l.BrowserStackRunExtension - application
20:50:40.547 [ApplicationImpl pooled thread 1874] INFO  com.browserstack.utils.Helpers - null
20:53:39.934 [ApplicationImpl pooled thread 1868] INFO  c.b.l.BrowserStackRunExtension - application
20:53:39.934 [ApplicationImpl pooled thread 1868] INFO  com.browserstack.utils.Helpers - null
20:54:46.704 [ApplicationImpl pooled thread 1870] INFO  c.b.l.BrowserStackRunExtension - application
20:54:46.704 [ApplicationImpl pooled thread 1870] INFO  com.browserstack.utils.Helpers - null
20:57:29.008 [ApplicationImpl pooled thread 1871] INFO  c.b.l.BrowserStackRunExtension - application
20:57:29.009 [ApplicationImpl pooled thread 1871] INFO  com.browserstack.utils.Helpers - null
21:01:43.463 [ApplicationImpl pooled thread 1880] INFO  c.b.l.BrowserStackRunExtension - application
21:01:43.464 [ApplicationImpl pooled thread 1880] INFO  com.browserstack.utils.Helpers - null
21:48:59.330 [ApplicationImpl pooled thread 1893] INFO  c.b.l.BrowserStackRunExtension - application
21:48:59.331 [ApplicationImpl pooled thread 1893] INFO  com.browserstack.utils.Helpers - null
21:52:54.600 [ApplicationImpl pooled thread 1899] INFO  c.b.l.BrowserStackRunExtension - application
21:52:54.601 [ApplicationImpl pooled thread 1899] INFO  com.browserstack.utils.Helpers - null
21:53:20.894 [ApplicationImpl pooled thread 1900] INFO  c.b.l.BrowserStackRunExtension - application
21:53:20.895 [ApplicationImpl pooled thread 1900] INFO  com.browserstack.utils.Helpers - null
21:57:12.618 [ApplicationImpl pooled thread 1904] INFO  c.b.l.BrowserStackRunExtension - application
21:57:12.619 [ApplicationImpl pooled thread 1904] INFO  com.browserstack.utils.Helpers - null
21:58:17.225 [ApplicationImpl pooled thread 1906] INFO  c.b.l.BrowserStackRunExtension - application
21:58:17.225 [ApplicationImpl pooled thread 1906] INFO  com.browserstack.utils.Helpers - null
21:59:14.994 [ApplicationImpl pooled thread 1907] INFO  c.b.l.BrowserStackRunExtension - application
21:59:14.995 [ApplicationImpl pooled thread 1907] INFO  com.browserstack.utils.Helpers - null
22:06:40.838 [ApplicationImpl pooled thread 1914] INFO  c.b.l.BrowserStackRunExtension - application
22:06:40.839 [ApplicationImpl pooled thread 1914] INFO  com.browserstack.utils.Helpers - null
22:07:42.379 [ApplicationImpl pooled thread 1915] INFO  c.b.l.BrowserStackRunExtension - application
22:07:42.379 [ApplicationImpl pooled thread 1915] INFO  com.browserstack.utils.Helpers - null
22:08:07.413 [ApplicationImpl pooled thread 1917] INFO  c.b.l.BrowserStackRunExtension - application
22:08:07.413 [ApplicationImpl pooled thread 1917] INFO  com.browserstack.utils.Helpers - null
22:09:10.743 [ApplicationImpl pooled thread 1913] INFO  c.b.l.BrowserStackRunExtension - application
22:09:10.743 [ApplicationImpl pooled thread 1913] INFO  com.browserstack.utils.Helpers - null
22:09:29.491 [ApplicationImpl pooled thread 1909] INFO  c.b.l.BrowserStackRunExtension - application
22:09:29.491 [ApplicationImpl pooled thread 1909] INFO  com.browserstack.utils.Helpers - null
22:16:18.746 [ApplicationImpl pooled thread 1923] INFO  c.b.l.BrowserStackRunExtension - application
22:16:18.747 [ApplicationImpl pooled thread 1923] INFO  com.browserstack.utils.Helpers - null
22:20:53.968 [ApplicationImpl pooled thread 1909] INFO  c.b.l.BrowserStackRunExtension - application
22:20:53.969 [ApplicationImpl pooled thread 1909] INFO  com.browserstack.utils.Helpers - null
22:21:11.753 [ApplicationImpl pooled thread 1917] INFO  c.b.l.BrowserStackRunExtension - application
22:21:11.754 [ApplicationImpl pooled thread 1917] INFO  com.browserstack.utils.Helpers - null
22:24:33.892 [ApplicationImpl pooled thread 1909] INFO  c.b.l.BrowserStackRunExtension - application
22:24:33.892 [ApplicationImpl pooled thread 1909] INFO  com.browserstack.utils.Helpers - null
22:29:52.345 [ApplicationImpl pooled thread 1933] INFO  c.b.l.BrowserStackRunExtension - application
22:29:52.346 [ApplicationImpl pooled thread 1933] INFO  com.browserstack.utils.Helpers - null
22:38:32.988 [ApplicationImpl pooled thread 1938] INFO  c.b.l.BrowserStackRunExtension - application
22:38:32.989 [ApplicationImpl pooled thread 1938] INFO  com.browserstack.utils.Helpers - null
22:38:52.675 [ApplicationImpl pooled thread 1909] INFO  c.b.l.BrowserStackRunExtension - application
22:38:52.675 [ApplicationImpl pooled thread 1909] INFO  com.browserstack.utils.Helpers - null
22:45:14.482 [ApplicationImpl pooled thread 1935] INFO  c.b.l.BrowserStackRunExtension - application
22:45:14.485 [ApplicationImpl pooled thread 1935] INFO  com.browserstack.utils.Helpers - null
22:47:16.103 [ApplicationImpl pooled thread 1941] INFO  c.b.l.BrowserStackRunExtension - application
22:47:16.104 [ApplicationImpl pooled thread 1941] INFO  com.browserstack.utils.Helpers - null
22:50:49.292 [ApplicationImpl pooled thread 1942] INFO  c.b.l.BrowserStackRunExtension - application
22:50:49.292 [ApplicationImpl pooled thread 1942] INFO  com.browserstack.utils.Helpers - null
23:01:53.325 [ApplicationImpl pooled thread 1946] INFO  c.b.l.BrowserStackRunExtension - application
23:01:53.327 [ApplicationImpl pooled thread 1946] INFO  com.browserstack.utils.Helpers - null
10:05:43.980 [AWT-EventQueue-0] INFO  c.b.actions.EnableBrowserStack - Setting enable browserstack run update
10:05:44.450 [AWT-EventQueue-0] INFO  c.b.actions.DisableBrowserStack - Setting disable browserstack run update
